lab5/MyBrowser/app/build/intermediates/manifest_merge_blame_file/debug/manifest-merger-blame-debug-report.txt
1<?xml version="1.0" encoding="utf-8"?>
2<manifest xmlns:android="http://schemas.android.com/apk/res/android"
3    package="com.hasibullah.mybrowser"
4    android:versionCode="1"
5    android:versionName="1.0" >
6
7    <uses-sdk
8        android:minSdkVersion="16"
8-->src\main\AndroidManifest.xml
9        android:targetSdkVersion="29" />
9-->src\main\AndroidManifest.xml
10
11    <uses-permission android:name="android.permission.ACCESS_NETWORK_STATE" />
11-->src\main\AndroidManifest.xml:5:5-78
11-->src\main\AndroidManifest.xml:5:22-76
12    <uses-permission android:name="android.permission.INTERNET" />
12-->src\main\AndroidManifest.xml:6:5-66
12-->src\main\AndroidManifest.xml:6:22-64
13
14    <application
14-->src\main\AndroidManifest.xml:8:5-31:19
15        android:allowBackup="true"
15-->src\main\AndroidManifest.xml:11:9-35
16        android:appComponentFactory="androidx.core.app.CoreComponentFactory"
16-->[androidx.core:core:1.1.0] AndroidManifest.xml:24:18-86
17        android:debuggable="true"
18        android:icon="@mipmap/ic_launcher"
18-->src\main\AndroidManifest.xml:12:9-43
19        android:label="@string/app_name"
19-->src\main\AndroidManifest.xml:13:9-41
20        android:roundIcon="@mipmap/ic_launcher_round"
20-->src\main\AndroidManifest.xml:14:9-54
21        android:supportsRtl="true"
21-->src\main\AndroidManifest.xml:15:9-35
22        android:testOnly="true"
23        android:theme="@style/AppTheme"
23-->src\main\AndroidManifest.xml:16:9-40
24        android:usesCleartextTraffic="true" >
24-->src\main\AndroidManifest.xml:10:9-44
25        <activity android:name="com.hasibullah.mybrowser.MainActivity" >
25-->src\main\AndroidManifest.xml:17:9-30:20
25-->src\main\AndroidManifest.xml:17:19-47
26            <intent-filter>
26-->src\main\AndroidManifest.xml:18:13-28:29
27                <action android:name="android.intent.action.VIEW" />
27-->src\main\AndroidManifest.xml:19:17-69
27-->src\main\AndroidManifest.xml:19:25-66
28                <action android:name="android.intent.action.MAIN" />
28-->src\main\AndroidManifest.xml:20:17-69
28-->src\main\AndroidManifest.xml:20:25-66
29                <!--
30                Include the host attribute if you want your app to respond
31                only to URLs with your app's domain.
32                -->
33                <data android:scheme="http" />
33-->src\main\AndroidManifest.xml:23:17-47
33-->src\main\AndroidManifest.xml:23:23-44
34
35                <category android:name="android.intent.category.LAUNCHER" />
35-->src\main\AndroidManifest.xml:24:17-77
35-->src\main\AndroidManifest.xml:24:27-74
36                <!-- The BROWSABLE category is required to get links from web pages. -->
37                <category android:name="android.intent.category.BROWSABLE" />
37-->src\main\AndroidManifest.xml:26:17-78
37-->src\main\AndroidManifest.xml:26:27-75
38                <category android:name="android.intent.category.DEFAULT" />
38-->src\main\AndroidManifest.xml:27:17-76
38-->src\main\AndroidManifest.xml:27:27-73
39            </intent-filter>
40        </activity>
41    </application>
42
43</manifest>